Loading miniconda version 4.11.0
Python 3.8.10
/usr/bin/python3
# conda environments:
#
base                     /modules/apps/miniconda/4.8.3
jupyterhub-stable        /modules/apps/miniconda/4.8.3/envs/jupyterhub-stable
f2f                      /work/albertl_uri_edu/.conda/envs/f2f
f2f_2                 *  /work/albertl_uri_edu/.conda/envs/f2f_2
sm                       /work/albertl_uri_edu/.conda/envs/sm

Python 3.10.4
/work/albertl_uri_edu/.conda/envs/f2f_2/bin/python3
Package               Version
--------------------- -----------
asttokens             2.0.5
attrs                 22.1.0
backcall              0.2.0
Bottleneck            1.3.5
brotlipy              0.7.0
Cartopy               0.21.0
certifi               2022.9.24
cffi                  1.15.0
cftime                1.6.2
charset-normalizer    2.0.4
click                 8.1.3
click-plugins         1.1.1
cligj                 0.7.2
contourpy             1.0.5
cryptography          37.0.1
cycler                0.11.0
DateTime              4.4
debugpy               1.5.1
decorator             5.1.1
entrypoints           0.4
executing             0.8.3
Fiona                 1.8.22
fonttools             4.32.0
geopandas             0.12.1
hydroeval             0.1.0
idna                  3.3
ipykernel             6.15.2
ipython               8.4.0
jedi                  0.18.1
Jinja2                3.1.2
jupyter_client        7.3.5
jupyter_core          4.11.1
kiwisolver            1.4.2
MarkupSafe            2.1.1
matplotlib            3.5.1
matplotlib-inline     0.1.6
mkl-fft               1.3.1
mkl-random            1.2.2
mkl-service           2.4.0
munch                 2.5.0
munkres               1.1.4
nest-asyncio          1.5.5
netCDF4               1.6.1
numexpr               2.8.3
numpy                 1.22.3
packaging             21.3
pandas                1.4.2
parso                 0.8.3
pexpect               4.8.0
pickleshare           0.7.5
Pillow                9.1.0
pip                   22.1.2
ply                   3.11
prompt-toolkit        3.0.20
psutil                5.9.0
ptyprocess            0.7.0
pure-eval             0.2.2
pycparser             2.21
Pygments              2.11.2
pyOpenSSL             22.0.0
pyparsing             3.0.4
pyproj                3.3.1
PyQt5-sip             12.11.0
pyshp                 2.3.1
PySocks               1.7.1
python-dateutil       2.8.2
pytz                  2022.1
pytz-deprecation-shim 0.1.0.post0
pyzmq                 23.2.0
requests              2.28.1
rpy2                  3.5.6
scipy                 1.9.1
setuptools            61.2.0
Shapely               1.8.5.post1
sip                   6.6.2
six                   1.16.0
stack-data            0.2.0
toml                  0.10.2
torch                 1.11.0
torchaudio            0.12.0
torchvision           0.12.0
tornado               6.2
traitlets             5.1.1
typing_extensions     4.1.1
tzdata                2022.6
tzlocal               4.2
unicodedata2          14.0.0
urllib3               1.26.9
wcwidth               0.2.5
wheel                 0.37.1
xarray                2022.10.0
zope.interface        5.4.0
# packages in environment at /work/albertl_uri_edu/.conda/envs/f2f_2:
#
# Name                    Version                   Build  Channel
_libgcc_mutex             0.1                 conda_forge    conda-forge
_openmp_mutex             4.5                  2_kmp_llvm    conda-forge
asttokens                 2.0.5              pyhd3eb1b0_0  
attrs                     22.1.0                   pypi_0    pypi
backcall                  0.2.0              pyhd3eb1b0_0  
blas                      1.0                         mkl  
bottleneck                1.3.5           py310ha9d4c09_0  
brotli                    1.0.9                h166bdaf_8    conda-forge
brotli-bin                1.0.9                h166bdaf_8    conda-forge
brotlipy                  0.7.0           py310h7f8727e_1002  
bzip2                     1.0.8                h7b6447c_0  
c-ares                    1.18.1               h7f98852_0    conda-forge
ca-certificates           2022.9.24            ha878542_0    conda-forge
cartopy                   0.21.0          py310hcda3f9e_1    conda-forge
certifi                   2022.9.24          pyhd8ed1ab_0    conda-forge
cffi                      1.15.0          py310hd667e15_1  
cftime                    1.6.2           py310hde88566_1    conda-forge
charset-normalizer        2.0.4              pyhd3eb1b0_0  
click                     8.1.3                    pypi_0    pypi
click-plugins             1.1.1                    pypi_0    pypi
cligj                     0.7.2                    pypi_0    pypi
contourpy                 1.0.5           py310hbf28c38_1    conda-forge
cryptography              37.0.1          py310h9ce1e76_0  
cudatoolkit               11.3.1               h2bc3f7f_2  
curl                      7.86.0               h7bff187_0    conda-forge
cycler                    0.11.0             pyhd8ed1ab_0    conda-forge
dbus                      1.13.18              hb2f20db_0  
debugpy                   1.5.1           py310h295c915_0  
decorator                 5.1.1              pyhd3eb1b0_0  
entrypoints               0.4             py310h06a4308_0  
executing                 0.8.3              pyhd3eb1b0_0  
expat                     2.5.0                h27087fc_0    conda-forge
ffmpeg                    4.3                  hf484d3e_0    pytorch
fftw                      3.3.10          nompi_hf0379b8_105    conda-forge
fiona                     1.8.22                   pypi_0    pypi
fontconfig                2.13.1               h6c09931_0  
fonttools                 4.38.0          py310h5764c6d_1    conda-forge
freetype                  2.12.1               hca18f0e_0    conda-forge
geopandas                 0.12.1                   pypi_0    pypi
geos                      3.11.0               h27087fc_0    conda-forge
giflib                    5.2.1                h7b6447c_0  
glib                      2.69.1               h4ff587b_1  
gmp                       6.2.1                h295c915_3  
gnutls                    3.6.15               he1e5248_0  
gst-plugins-base          1.14.0               h8213a91_2  
gstreamer                 1.14.0               h28cd5cc_2  
hdf4                      4.2.15               h9772cbc_5    conda-forge
hdf5                      1.12.2          nompi_h2386368_100    conda-forge
hydroeval                 0.1.0                    pypi_0    pypi
icu                       58.2              hf484d3e_1000    conda-forge
idna                      3.3                pyhd3eb1b0_0  
intel-openmp              2021.4.0          h06a4308_3561  
ipykernel                 6.15.2          py310h06a4308_0  
ipython                   8.4.0           py310h06a4308_0  
jedi                      0.18.1          py310h06a4308_1  
jinja2                    3.1.2                    pypi_0    pypi
jpeg                      9e                   h7f8727e_0  
jupyter_client            7.3.5           py310h06a4308_0  
jupyter_core              4.11.1          py310h06a4308_0  
keyutils                  1.6.1                h166bdaf_0    conda-forge
kiwisolver                1.4.4           py310hbf28c38_1    conda-forge
krb5                      1.19.3               h3790be6_0    conda-forge
lame                      3.100                h7b6447c_0  
lcms2                     2.12                 h3be6417_0  
ld_impl_linux-64          2.38                 h1181459_1  
libbrotlicommon           1.0.9                h166bdaf_8    conda-forge
libbrotlidec              1.0.9                h166bdaf_8    conda-forge
libbrotlienc              1.0.9                h166bdaf_8    conda-forge
libclang                  10.0.1          default_hb85057a_2  
libcurl                   7.86.0               h7bff187_0    conda-forge
libedit                   3.1.20191231         he28a2e2_2    conda-forge
libev                     4.33                 h516909a_1    conda-forge
libevent                  2.1.12               h8f2d780_0  
libffi                    3.3                  he6710b0_2  
libgcc-ng                 12.2.0              h65d4601_19    conda-forge
libgfortran-ng            12.2.0              h69a702a_19    conda-forge
libgfortran5              12.2.0              h337968e_19    conda-forge
libiconv                  1.16                 h7f8727e_2  
libidn2                   2.3.2                h7f8727e_0  
libllvm10                 10.0.1               he513fc3_3    conda-forge
libnetcdf                 4.8.1           nompi_h21705cb_104    conda-forge
libnghttp2                1.47.0               hdcd2b5c_1    conda-forge
libpng                    1.6.37               hbc83047_0  
libpq                     12.9                 h16c4e8d_3  
libsodium                 1.0.18               h7b6447c_0  
libssh2                   1.10.0               haa6b8db_3    conda-forge
libstdcxx-ng              12.2.0              h46fd767_19    conda-forge
libtasn1                  4.16.0               h27cfd23_0  
libtiff                   4.2.0                h2818925_1  
libunistring              0.9.10               h27cfd23_0  
libuuid                   1.0.3                h7f8727e_2  
libwebp                   1.2.2                h55f646e_0  
libwebp-base              1.2.2                h7f8727e_0  
libxcb                    1.15                 h7f8727e_0  
libxkbcommon              1.0.3                he3ba5ed_0    conda-forge
libxml2                   2.9.14               h74e7548_0  
libxslt                   1.1.35               h4e12654_0  
libzip                    1.9.2                hc869a4a_1    conda-forge
libzlib                   1.2.13               h166bdaf_4    conda-forge
llvm-openmp               14.0.4               he0ac6c6_0    conda-forge
lz4-c                     1.9.3                h295c915_1  
markupsafe                2.1.1                    pypi_0    pypi
matplotlib                3.6.1           py310hff52083_1    conda-forge
matplotlib-base           3.6.1           py310h8d5ebf3_1    conda-forge
matplotlib-inline         0.1.6           py310h06a4308_0  
mkl                       2021.4.0           h06a4308_640  
mkl-service               2.4.0           py310h7f8727e_0  
mkl_fft                   1.3.1           py310hd6ae3a3_0  
mkl_random                1.2.2           py310h00e6091_0  
munch                     2.5.0                    pypi_0    pypi
munkres                   1.1.4              pyh9f0ad1d_0    conda-forge
ncurses                   6.3                  h5eee18b_3  
nest-asyncio              1.5.5           py310h06a4308_0  
netcdf4                   1.6.1           nompi_py310h55e1e36_101    conda-forge
nettle                    3.7.3                hbbd107a_1  
nspr                      4.33                 h295c915_0  
nss                       3.78                 h2350873_0    conda-forge
numexpr                   2.8.3           py310hcea2de6_0  
numpy                     1.22.3          py310hfa59a62_0  
numpy-base                1.22.3          py310h9585f30_0  
openh264                  2.1.1                h4ff587b_0  
openssl                   1.1.1q               h166bdaf_1    conda-forge
packaging                 21.3               pyhd3eb1b0_0  
pandas                    1.4.3           py310h6a678d5_0  
parso                     0.8.3              pyhd3eb1b0_0  
pcre                      8.45                 h9c3ff4c_0    conda-forge
pexpect                   4.8.0              pyhd3eb1b0_3  
pickleshare               0.7.5           pyhd3eb1b0_1003  
pillow                    9.2.0           py310hace64e9_1  
pip                       22.1.2          py310h06a4308_0  
ply                       3.11                       py_1    conda-forge
proj                      8.0.1                h277dcde_0    conda-forge
prompt-toolkit            3.0.20             pyhd3eb1b0_0  
psutil                    5.9.0           py310h5eee18b_0  
ptyprocess                0.7.0              pyhd3eb1b0_2  
pure_eval                 0.2.2              pyhd3eb1b0_0  
pycparser                 2.21               pyhd3eb1b0_0  
pygments                  2.11.2             pyhd3eb1b0_0  
pyopenssl                 22.0.0             pyhd3eb1b0_0  
pyparsing                 3.0.4              pyhd3eb1b0_0  
pyproj                    3.3.1           py310h6d1f8f5_1    conda-forge
pyqt                      5.15.7          py310h6a678d5_1  
pyqt5-sip                 12.11.0                  pypi_0    pypi
pyshp                     2.3.1              pyhd8ed1ab_0    conda-forge
pysocks                   1.7.1           py310h06a4308_0  
python                    3.10.4               h12debd9_0  
python-dateutil           2.8.2              pyhd3eb1b0_0  
python_abi                3.10                    2_cp310    conda-forge
pytorch                   1.12.0          py3.10_cuda11.3_cudnn8.3.2_0    pytorch
pytorch-mutex             1.0                        cuda    pytorch
pytz                      2022.1          py310h06a4308_0  
pytz-deprecation-shim     0.1.0.post0              pypi_0    pypi
pyzmq                     23.2.0          py310h6a678d5_0  
qt-main                   5.15.2               h327a75a_6  
qt-webengine              5.15.9               hd2b0992_4  
qtwebkit                  5.212                h4eab89a_4  
readline                  8.1.2                h7f8727e_1  
requests                  2.28.1          py310h06a4308_0  
rpy2                      3.5.6                    pypi_0    pypi
scipy                     1.9.1           py310hd5efca6_0  
setuptools                61.2.0          py310h06a4308_0  
shapely                   1.8.5           py310h5e49deb_1    conda-forge
sip                       6.6.2           py310hd8f1fbe_0    conda-forge
six                       1.16.0             pyhd3eb1b0_1  
sqlite                    3.38.5               hc218d9a_0  
stack_data                0.2.0              pyhd3eb1b0_0  
tk                        8.6.12               h1ccaba5_0  
toml                      0.10.2             pyhd8ed1ab_0    conda-forge
torchaudio                0.12.0              py310_cu113    pytorch
torchvision               0.13.0              py310_cu113    pytorch
tornado                   6.2             py310h5764c6d_1    conda-forge
traitlets                 5.1.1              pyhd3eb1b0_0  
typing_extensions         4.1.1              pyh06a4308_0  
tzdata                    2022.6                   pypi_0    pypi
tzlocal                   4.2                      pypi_0    pypi
unicodedata2              14.0.0          py310h5764c6d_2    conda-forge
urllib3                   1.26.9          py310h06a4308_0  
wcwidth                   0.2.5              pyhd3eb1b0_0  
wheel                     0.37.1             pyhd3eb1b0_0  
xarray                    2022.10.0          pyhd8ed1ab_0    conda-forge
xz                        5.2.5                h7f8727e_1  
zeromq                    4.3.4                h2531618_0  
zlib                      1.2.13               h166bdaf_4    conda-forge
zstd                      1.5.2                ha4553b6_0  
Traceback (most recent call last):
  File "/work/albertl_uri_edu/aqua/dl_argo/argo.py", line 2, in <module>
    from tqdm import tqdm
ModuleNotFoundError: No module named 'tqdm'
